<?xml version="1.0" encoding="UTF-8" ?>
<testsuite tests="14" failures="0" name="sorting.test.StudentSortingTest" time="0.012" errors="0" skipped="0">
  <properties>
[...]
</properties>
  <testcase classname="sorting.test.StudentSortingTest" name="testSort01" time="0.012"/>
  <testcase classname="sorting.test.StudentSortingTest" name="testSort02" time="0"/>
  <testcase classname="sorting.test.StudentSortingTest" name="testSort03" time="0"/>
  <testcase classname="sorting.test.StudentSortingTest" name="testSort04" time="0"/>
  <testcase classname="sorting.test.StudentSortingTest" name="testSort05" time="0"/>
  <testcase classname="sorting.test.StudentSortingTest" name="testSort06" time="0"/>
  <testcase classname="sorting.test.StudentSortingTest" name="testSort07" time="0"/>
  <testcase classname="sorting.test.StudentSortingTest" name="testSort08" time="0"/>
  <testcase classname="sorting.test.StudentSortingTest" name="testSort09" time="0"/>
  <testcase classname="sorting.test.StudentSortingTest" name="testSort10" time="0"/>
  <testcase classname="sorting.test.StudentSortingTest" name="testSort11" time="0"/>
  <testcase classname="sorting.test.StudentSortingTest" name="testSort12" time="0"/>
  <testcase classname="sorting.test.StudentSortingTest" name="testSort13" time="0"/>
  <testcase classname="sorting.test.StudentSortingTest" name="testSort14" time="0"/>
</testsuite>